
[2025-09-05 14:56:25] Alerta: palabra 'Distancia' encontrada en /home/nicolas/virtua-tp/APL/bash/ejercicio2/02-mapa.sh
[2025-09-05 14:58:19] Alerta: palabra 'Distancia' encontrada en /home/nicolas/virtua-tp/APL/bash/ejercicio4/add.txt
[2025-09-05 15:10:38] Alerta: palabra 'Distancia' encontrada en /home/nicolas/virtua-tp/APL/bash/ejercicio2/02-mapa.sh
[2025-09-05 15:12:50] Alerta: palabra 'Distancia' encontrada en /home/nicolas/virtua-tp/APL/bash/ejercicio2/02-mapa.sh
[2025-09-05 15:19:33] Alerta: palabra 'Distancia' encontrada en /home/nicolas/virtua-tp/APL/bash/ejercicio2/02-mapa.sh
[2025-09-05 15:28:21] Alerta: palabra 'Distancia' encontrada en /home/nicolas/virtua-tp/APL/bash/ejercicio2/02-mapa.sh
[2025-09-05 15:30:03] Alerta: palabra 'Distancia' encontrada en /home/nicolas/virtua-tp/APL/bash/ejercicio2/02-mapa.sh
[2025-09-05 15:35:16] Alerta: palabra 'Distancia' encontrada en /home/nicolas/virtua-tp/APL/bash/ejercicio2/02-mapa.sh
[2025-09-05 15:36:38] Alerta: palabra 'Distancia' encontrada en /home/nicolas/virtua-tp/APL/bash/ejercicio2/02-mapa.sh
[2025-09-05 15:48:24] Alerta: palabra 'Distancia' encontrada en /home/nicolas/virtua-tp/APL/bash/ejercicio2/02-mapa.sh
[2025-09-05 15:49:48] Alerta: palabra 'Distancia' encontrada en /home/nicolas/virtua-tp/APL/bash/ejercicio2/02-mapa.sh
[2025-09-05 15:50:41] Alerta: palabra 'Distancia' encontrada en /home/nicolas/virtua-tp/APL/bash/ejercicio2/02-mapa.sh
[2025-09-05 15:52:49] Alerta: palabra 'Distancia' encontrada en /home/nicolas/virtua-tp/APL/bash/ejercicio2/02-mapa.sh
[2025-09-05 15:54:34] Alerta: palabra 'Distancia' encontrada en /home/nicolas/virtua-tp/APL/bash/ejercicio2/02-mapa.sh
[2025-09-05 15:55:32] Alerta: palabra 'Distancia' encontrada en /home/nicolas/virtua-tp/APL/bash/ejercicio2/02-mapa.sh
[2025-09-05 15:58:47] Alerta: palabra 'Distancia' encontrada en /home/nicolas/virtua-tp/APL/bash/ejercicio2/02-mapa.sh
[2025-09-05 15:58:56] Alerta: palabra 'Distancia' encontrada en /home/nicolas/virtua-tp/APL/bash/ejercicio2/02-mapa.sh
[2025-09-05 16:00:04] Alerta: palabra 'Distancia' encontrada en /home/nicolas/virtua-tp/APL/bash/ejercicio2/02-mapa.sh
[2025-09-05 16:00:47] Alerta: palabra 'Distancia' encontrada en /home/nicolas/virtua-tp/APL/bash/ejercicio2/02-mapa.sh
[2025-09-05 16:04:33] Alerta: palabra 'Distancia' encontrada en /home/nicolas/virtua-tp/APL/bash/ejercicio2/02-mapa.sh
[2025-09-05 16:04:33] Alerta: palabra 'Distancia' encontrada en /home/nicolas/virtua-tp/APL/bash/ejercicio4/add.txt
[2025-09-05 18:34:45] Alerta: patrón '.*palabra.*' encontrado en /home/nicolas/virtua-tp/APL/bash/ejercicio4/04-demon-git.sh
[2025-09-05 18:34:45] Alerta: palabra 'password' encontrada en /home/nicolas/virtua-tp/APL/bash/ejercicio4/add.txt
[2025-09-05 18:34:45] Alerta: palabra 'API_KEY' encontrada en /home/nicolas/virtua-tp/APL/bash/ejercicio4/add.txt
[2025-09-05 18:34:45] Alerta: palabra 'Distancia' encontrada en /home/nicolas/virtua-tp/APL/bash/ejercicio4/add.txt
[2025-09-05 18:34:45] Alerta: patrón '.*palabra.*' encontrado en /home/nicolas/virtua-tp/APL/bash/ejercicio4/add.txt
[2025-09-06 00:16:02] Alerta: palabra 'password' encontrada en /home/nicolas/virtua-tp/APL/bash/ejercicio5/add.txt
[2025-09-06 00:16:02] Alerta: palabra 'API_KEY' encontrada en /home/nicolas/virtua-tp/APL/bash/ejercicio5/add.txt
[2025-09-06 00:16:02] Alerta: palabra 'Distancia' encontrada en /home/nicolas/virtua-tp/APL/bash/ejercicio5/add.txt
[2025-09-06 00:16:02] Alerta: patrón '.*palabra.*' encontrado en /home/nicolas/virtua-tp/APL/bash/ejercicio5/add.txt
[2025-09-12 16:47:27] Alerta: patrón '.*palabra.*' encontrado en /home/nicolas/virtua-tp/APL/bash/ejercicio1/procesador-entrada.awk
[2025-09-12 16:47:27] Alerta: palabra 'Distancia' encontrada en /home/nicolas/virtua-tp/APL/bash/ejercicio2/02-mapa.sh
[2025-09-12 16:47:27] Alerta: patrón '.*palabra.*' encontrado en /home/nicolas/virtua-tp/APL/bash/ejercicio3/03-contador-eventos.sh
[2025-09-12 16:47:27] Alerta: patrón '.*palabra.*' encontrado en /home/nicolas/virtua-tp/APL/bash/ejercicio3/procesador-eventos.awk
[2025-09-12 16:47:27] Alerta: patrón '.*palabra.*' encontrado en /home/nicolas/virtua-tp/APL/bash/ejercicio4/04-demon-git.sh
[2025-09-12 16:47:27] Alerta: palabra 'password' encontrada en /home/nicolas/virtua-tp/APL/bash/ejercicio4/add.txt
[2025-09-12 16:47:27] Alerta: palabra 'API_KEY' encontrada en /home/nicolas/virtua-tp/APL/bash/ejercicio4/add.txt
[2025-09-12 16:47:27] Alerta: palabra 'Distancia' encontrada en /home/nicolas/virtua-tp/APL/bash/ejercicio4/add.txt
[2025-09-12 16:47:27] Alerta: patrón '.*palabra.*' encontrado en /home/nicolas/virtua-tp/APL/bash/ejercicio4/add.txt
[2025-09-12 16:47:27] Alerta: palabra 'password' encontrada en /home/nicolas/virtua-tp/APL/bash/ejercicio4/patrones.conf
[2025-09-12 16:47:27] Alerta: palabra 'API_KEY' encontrada en /home/nicolas/virtua-tp/APL/bash/ejercicio4/patrones.conf
[2025-09-12 16:47:27] Alerta: palabra 'secret' encontrada en /home/nicolas/virtua-tp/APL/bash/ejercicio4/patrones.conf
[2025-09-12 16:47:27] Alerta: palabra 'Distancia' encontrada en /home/nicolas/virtua-tp/APL/bash/ejercicio4/patrones.conf
[2025-09-12 16:47:27] Alerta: patrón '.*palabra.*' encontrado en /home/nicolas/virtua-tp/APL/bash/ejercicio4/patrones.conf
[2025-09-12 16:47:27] Alerta: palabra 'password' encontrada en /home/nicolas/virtua-tp/APL/bash/ejercicio4/prueba.log
[2025-09-12 16:47:27] Alerta: palabra 'API_KEY' encontrada en /home/nicolas/virtua-tp/APL/bash/ejercicio4/prueba.log
[2025-09-12 16:47:27] Alerta: palabra 'secret' encontrada en /home/nicolas/virtua-tp/APL/bash/ejercicio4/prueba.log
[2025-09-12 16:47:27] Alerta: palabra 'Distancia' encontrada en /home/nicolas/virtua-tp/APL/bash/ejercicio4/prueba.log
[2025-09-12 16:47:27] Alerta: patrón '.*palabra.*' encontrado en /home/nicolas/virtua-tp/APL/bash/ejercicio4/prueba.log
[2025-09-12 16:47:27] Alerta: patrón '.*palabra.*' encontrado en /home/nicolas/virtua-tp/APL/powershell/ejercicio3/03-contador-eventos.ps1
[2025-09-12 16:47:28] Alerta: palabra 'password' encontrada en /home/nicolas/virtua-tp/APL/powershell/ejercicio4/add.txt
[2025-09-12 16:47:28] Alerta: palabra 'API_KEY' encontrada en /home/nicolas/virtua-tp/APL/powershell/ejercicio4/add.txt
[2025-09-12 16:47:28] Alerta: palabra 'Distancia' encontrada en /home/nicolas/virtua-tp/APL/powershell/ejercicio4/add.txt
[2025-09-12 16:47:28] Alerta: patrón '.*palabra.*' encontrado en /home/nicolas/virtua-tp/APL/powershell/ejercicio4/add.txt
[2025-09-12 16:47:28] Alerta: palabra 'password' encontrada en /home/nicolas/virtua-tp/APL/powershell/ejercicio4/patrones.conf
[2025-09-12 16:47:28] Alerta: palabra 'API_KEY' encontrada en /home/nicolas/virtua-tp/APL/powershell/ejercicio4/patrones.conf
[2025-09-12 16:47:28] Alerta: palabra 'secret' encontrada en /home/nicolas/virtua-tp/APL/powershell/ejercicio4/patrones.conf
[2025-09-12 16:47:28] Alerta: palabra 'Distancia' encontrada en /home/nicolas/virtua-tp/APL/powershell/ejercicio4/patrones.conf
[2025-09-12 16:47:28] Alerta: patrón '.*palabra.*' encontrado en /home/nicolas/virtua-tp/APL/powershell/ejercicio4/patrones.conf
[2025-09-12 16:52:00] Alerta: palabra 'API_KEY' encontrada en /home/nicolas/virtua-tp/APL/config.js
[2025-09-12 16:52:00] Alerta: patrón '^.*API_KEY\s*=\s*['"].*['"].*$' encontrado en /home/nicolas/virtua-tp/APL/config.js
[2025-09-12 16:52:01] Alerta: palabra 'API_KEY' encontrada en /home/nicolas/virtua-tp/APL/config.js
[2025-09-12 16:52:01] Alerta: patrón '^.*API_KEY\s*=\s*['"].*['"].*$' encontrado en /home/nicolas/virtua-tp/APL/config.js
